Determining if the pthread_create exist failed with the following output:
Change Dir: /home/ubuntu/catkin_ws/build/learning_joy/CMakeFiles/CMakeTmp

Run Build Command:"/usr/bin/make" "cmTC_12268/fast"
/usr/bin/make -f CMakeFiles/cmTC_12268.dir/build.make CMakeFiles/cmTC_12268.dir/build
make[1]: Entering directory '/home/ubuntu/catkin_ws/build/learning_joy/CMakeFiles/CMakeTmp'
Building C object CMakeFiles/cmTC_12268.dir/CheckSymbolExists.c.o
/usr/bin/cc    -o CMakeFiles/cmTC_12268.dir/CheckSymbolExists.c.o   -c /home/ubuntu/catkin_ws/build/learning_joy/CMakeFiles/CMakeTmp/CheckSymbolExists.c
Linking C executable cmTC_12268
/usr/bin/cmake -E cmake_link_script CMakeFiles/cmTC_12268.dir/link.txt --verbose=1
/usr/bin/cc      -rdynamic CMakeFiles/cmTC_12268.dir/CheckSymbolExists.c.o  -o cmTC_12268 
CMakeFiles/cmTC_12268.dir/CheckSymbolExists.c.o: In function `main':
CheckSymbolExists.c:(.text+0x2c): undefined reference to `pthread_create'
collect2: error: ld returned 1 exit status
CMakeFiles/cmTC_12268.dir/build.make:97: recipe for target 'cmTC_12268' failed
make[1]: *** [cmTC_12268] Error 1
make[1]: Leaving directory '/home/ubuntu/catkin_ws/build/learning_joy/CMakeFiles/CMakeTmp'
Makefile:126: recipe for target 'cmTC_12268/fast' failed
make: *** [cmTC_12268/fast] Error 2

File /home/ubuntu/catkin_ws/build/learning_joy/CMakeFiles/CMakeTmp/CheckSymbolExists.c:
/* */
#include <pthread.h>

int main(int argc, char** argv)
{
  (void)argv;
#ifndef pthread_create
  return ((int*)(&pthread_create))[argc];
#else
  (void)argc;
  return 0;
#endif
}

Determining if the function pthread_create exists in the pthreads failed with the following output:
Change Dir: /home/ubuntu/catkin_ws/build/learning_joy/CMakeFiles/CMakeTmp

Run Build Command:"/usr/bin/make" "cmTC_8806e/fast"
/usr/bin/make -f CMakeFiles/cmTC_8806e.dir/build.make CMakeFiles/cmTC_8806e.dir/build
make[1]: Entering directory '/home/ubuntu/catkin_ws/build/learning_joy/CMakeFiles/CMakeTmp'
Building C object CMakeFiles/cmTC_8806e.dir/CheckFunctionExists.c.o
/usr/bin/cc   -DCHECK_FUNCTION_EXISTS=pthread_create   -o CMakeFiles/cmTC_8806e.dir/CheckFunctionExists.c.o   -c /usr/share/cmake-3.10/Modules/CheckFunctionExists.c
Linking C executable cmTC_8806e
/usr/bin/cmake -E cmake_link_script CMakeFiles/cmTC_8806e.dir/link.txt --verbose=1
/usr/bin/cc  -DCHECK_FUNCTION_EXISTS=pthread_create    -rdynamic CMakeFiles/cmTC_8806e.dir/CheckFunctionExists.c.o  -o cmTC_8806e -lpthreads 
/usr/bin/ld: cannot find -lpthreads
collect2: error: ld returned 1 exit status
CMakeFiles/cmTC_8806e.dir/build.make:97: recipe for target 'cmTC_8806e' failed
make[1]: *** [cmTC_8806e] Error 1
make[1]: Leaving directory '/home/ubuntu/catkin_ws/build/learning_joy/CMakeFiles/CMakeTmp'
Makefile:126: recipe for target 'cmTC_8806e/fast' failed
make: *** [cmTC_8806e/fast] Error 2


